0 3.13159 0
0.01 3.13159 -0.000981144
0.02 3.13157 -0.00196325
0.03 3.13155 -0.00294728
0.04 3.13151 -0.00393421
0.05 3.13147 -0.00492499
0.06 3.13142 -0.00592061
0.07 3.13135 -0.00692203
0.08 3.13128 -0.00793024
0.09 3.13119 -0.00894624
0.1 3.1311 -0.00997101
0.11 3.13099 -0.0110056
0.12 3.13088 -0.0120509
0.13 3.13075 -0.0131081
0.14 3.13062 -0.0141781
0.15 3.13047 -0.015262
0.16 3.13031 -0.016361
0.17 3.13014 -0.0174759
0.18 3.12996 -0.018608
0.19 3.12977 -0.0197584
0.2 3.12957 -0.0209281
0.21 3.12935 -0.0221184
0.22 3.12912 -0.0233304
0.23 3.12888 -0.0245652
0.24 3.12863 -0.0258242
0.25 3.12837 -0.0271085
0.26 3.12809 -0.0284194
0.27 3.1278 -0.0297581
0.28 3.12749 -0.0311261
0.29 3.12718 -0.0325246
0.3 3.12684 -0.033955
0.31 3.1265 -0.0354187
0.32 3.12614 -0.0369172
0.33 3.12576 -0.0384518
0.34 3.12537 -0.0400242
0.35 3.12496 -0.0416358
0.36 3.12453 -0.0432883
0.37 3.12409 -0.0449833
0.38 3.12363 -0.0467224
0.39 3.12316 -0.0485073
0.4 3.12266 -0.0503398
0.41 3.12215 -0.0522216
0.42 3.12162 -0.0541547
0.43 3.12107 -0.0561409
0.44 3.1205 -0.0581822
0.45 3.1199 -0.0602806
0.46 3.11929 -0.062438
0.47 3.11865 -0.0646568
0.48 3.118 -0.0669389
0.49 3.11732 -0.0692867
0.5 3.11661 -0.0717024
0.51 3.11588 -0.0741885
0.52 3.11513 -0.0767473
0.53 3.11435 -0.0793814
0.54 3.11354 -0.0820934
0.55 3.1127 -0.0848858
0.56 3.11184 -0.0877615
0.57 3.11095 -0.0907233
0.58 3.11003 -0.093774
0.59 3.10907 -0.0969167
0.6 3.10809 -0.100154
0.61 3.10707 -0.10349
0.62 3.10602 -0.106928
0.63 3.10493 -0.11047
0.64 3.10381 -0.11412
0.65 3.10265 -0.117883
0.66 3.10145 -0.121761
0.67 3.10021 -0.125758
0.68 3.09893 -0.129879
0.69 3.09761 -0.134127
0.7 3.09625 -0.138506
0.71 3.09484 -0.143021
0.72 3.09339 -0.147677
0.73 3.09189 -0.152477
0.74 3.09034 -0.157426
0.75 3.08874 -0.16253
0.76 3.08709 -0.167793
0.77 3.08538 -0.17322
0.78 3.08362 -0.178817
0.79 3.08181 -0.184589
0.8 3.07993 -0.190542
0.81 3.078 -0.196681
0.82 3.076 -0.203013
0.83 3.07393 -0.209544
0.84 3.07181 -0.21628
0.85 3.06961 -0.223227
0.86 3.06734 -0.230393
0.87 3.065 -0.237784
0.88 3.06258 -0.245408
0.89 3.06009 -0.253272
0.9 3.05752 -0.261384
0.91 3.05486 -0.269751
0.92 3.05212 -0.278382
0.93 3.04929 -0.287285
0.94 3.04637 -0.296468
0.95 3.04336 -0.305941
0.96 3.04026 -0.315713
0.97 3.03705 -0.325793
0.98 3.03374 -0.336191
0.99 3.03032 -0.346917
1 3.0268 -0.35798
1.01 3.02316 -0.369393
1.02 3.01941 -0.381166
1.03 3.01554 -0.39331
1.04 3.01154 -0.405836
1.05 3.00742 -0.418758
1.06 3.00317 -0.432087
1.07 2.99878 -0.445835
1.08 2.99425 -0.460016
1.09 2.98957 -0.474644
1.1 2.98475 -0.489732
1.11 2.97978 -0.505295
1.12 2.97465 -0.521347
1.13 2.96935 -0.537903
1.14 2.96389 -0.554979
1.15 2.95825 -0.572591
1.16 2.95243 -0.590756
1.17 2.94643 -0.609489
1.18 2.94024 -0.62881
1.19 2.93385 -0.648734
1.2 2.92726 -0.669282
1.21 2.92047 -0.690471
1.22 2.91345 -0.712321
1.23 2.90622 -0.734852
1.24 2.89875 -0.758083
1.25 2.89105 -0.782037
1.26 2.88311 -0.806734
1.27 2.87492 -0.832196
1.28 2.86646 -0.858446
1.29 2.85774 -0.885506
1.3 2.84875 -0.9134
1.31 2.83947 -0.942152
1.32 2.8299 -0.971786
1.33 2.82003 -1.00233
1.34 2.80985 -1.0338
1.35 2.79935 -1.06624
1.36 2.78853 -1.09966
1.37 2.77736 -1.13409
1.38 2.76584 -1.16956
1.39 2.75396 -1.2061
1.4 2.74172 -1.24373
1.41 2.72909 -1.28249
1.42 2.71606 -1.3224
1.43 2.70263 -1.36349
1.44 2.68879 -1.40579
1.45 2.67451 -1.44933
1.46 2.6598 -1.49415
1.47 2.64463 -1.54026
1.48 2.62899 -1.5877
1.49 2.61287 -1.63649
1.5 2.59625 -1.68668
1.51 2.57913 -1.73827
1.52 2.56148 -1.79131
1.53 2.5433 -1.84582
1.54 2.52456 -1.90183
1.55 2.50526 -1.95936
1.56 2.48537 -2.01843
1.57 2.46488 -2.07907
1.58 2.44378 -2.1413
1.59 2.42205 -2.20514
1.6 2.39967 -2.27061
1.61 2.37663 -2.33772
1.62 2.35291 -2.40648
1.63 2.3285 -2.47691
1.64 2.30337 -2.54901
1.65 2.27751 -2.62278
1.66 2.25091 -2.69822
1.67 2.22354 -2.77532
1.68 2.1954 -2.85408
1.69 2.16646 -2.93447
1.7 2.1367 -3.01648
1.71 2.10612 -3.10007
1.72 2.0747 -3.18522
1.73 2.04241 -3.27187
1.74 2.00925 -3.35998
1.75 1.97521 -3.44949
1.76 1.94026 -3.54033
1.77 1.9044 -3.63243
1.78 1.86761 -3.72568
1.79 1.82988 -3.82001
1.8 1.7912 -3.9153
1.81 1.75157 -4.01142
1.82 1.71097 -4.10826
1.83 1.6694 -4.20565
1.84 1.62686 -4.30345
1.85 1.58333 -4.40148
1.86 1.53883 -4.49957
1.87 1.49334 -4.59751
1.88 1.44688 -4.69511
1.89 1.39944 -4.79213
1.9 1.35104 -4.88836
1.91 1.30168 -4.98353
1.92 1.25137 -5.07741
1.93 1.20014 -5.16972
1.94 1.14798 -5.26019
1.95 1.09494 -5.34855
1.96 1.04102 -5.4345
1.97 0.986258 -5.51775
1.98 0.930677 -5.59802
1.99 0.874308 -5.67501
2 0.817188 -5.74843
2.01 0.759353 -5.81799
2.02 0.700842 -5.88342
2.03 0.641699 -5.94443
2.04 0.581969 -6.00077
2.05 0.5217 -6.05219
2.06 0.460942 -6.09847
2.07 0.399749 -6.13939
2.08 0.338173 -6.17477
2.09 0.276272 -6.20443
2.1 0.214104 -6.22825
2.11 0.151727 -6.24609
2.12 0.0892023 -6.25788
2.13 0.02659 -6.26355
2.14 -0.0360483 -6.26309
2.15 -0.0986513 -6.25649
2.16 -0.161158 -6.24378
2.17 -0.223507 -6.22503
2.18 -0.285638 -6.20033
2.19 -0.347494 -6.16979
2.2 -0.409015 -6.13357
2.21 -0.470147 -6.09182
2.22 -0.530834 -6.04475
2.23 -0.591025 -5.99257
2.24 -0.650669 -5.93551
2.25 -0.709719 -5.87381
2.26 -0.768131 -5.80775
2.27 -0.825861 -5.73759
2.28 -0.88287 -5.66361
2.29 -0.939121 -5.58611
2.3 -0.994581 -5.50537
2.31 -1.04922 -5.42168
2.32 -1.10301 -5.33535
2.33 -1.15592 -5.24666
2.34 -1.20793 -5.15589
2.35 -1.25903 -5.06333
2.36 -1.30919 -4.96924
2.37 -1.35841 -4.87389
2.38 -1.40667 -4.77753
2.39 -1.45396 -4.6804
2.4 -1.50027 -4.58274
2.41 -1.54561 -4.48476
2.42 -1.58997 -4.38667
2.43 -1.63335 -4.28866
2.44 -1.67574 -4.19091
2.45 -1.71717 -4.09359
2.46 -1.75762 -3.99686
2.47 -1.7971 -3.90085
2.48 -1.83564 -3.8057
2.49 -1.87322 -3.71153
2.5 -1.90987 -3.61844
2.51 -1.94559 -3.52653
2.52 -1.98041 -3.43589
2.53 -2.01432 -3.34659
2.54 -2.04734 -3.25869
2.55 -2.0795 -3.17226
2.56 -2.11079 -3.08735
2.57 -2.14125 -3.00399
2.58 -2.17088 -2.92223
2.59 -2.1997 -2.84208
2.6 -2.22772 -2.76357
2.61 -2.25498 -2.68672
2.62 -2.28146 -2.61153
2.63 -2.30721 -2.53801
2.64 -2.33223 -2.46617
2.65 -2.35654 -2.39599
2.66 -2.38016 -2.32748
2.67 -2.4031 -2.26062
2.68 -2.42537 -2.1954
2.69 -2.44701 -2.1318
2.7 -2.46802 -2.06981
2.71 -2.48841 -2.00941
2.72 -2.50821 -1.95057
2.73 -2.52743 -1.89327
2.74 -2.54608 -1.8375
2.75 -2.56418 -1.78321
2.76 -2.58175 -1.73039
2.77 -2.59879 -1.67901
2.78 -2.61533 -1.62904
2.79 -2.63138 -1.58045
2.8 -2.64695 -1.53321
2.81 -2.66205 -1.4873
2.82 -2.6767 -1.44268
2.83 -2.69091 -1.39933
2.84 -2.70469 -1.35721
2.85 -2.71805 -1.3163
2.86 -2.73102 -1.27656
2.87 -2.74359 -1.23798
2.88 -2.75578 -1.20051
2.89 -2.7676 -1.16413
2.9 -2.77907 -1.12882
2.91 -2.79018 -1.09454
2.92 -2.80096 -1.06128
2.93 -2.81141 -1.02899
2.94 -2.82154 -0.997657
2.95 -2.83137 -0.967254
2.96 -2.84089 -0.937754
2.97 -2.85013 -0.909133
2.98 -2.85908 -0.881366
2.99 -2.86776 -0.85443
3 -2.87617 -0.828301
3.01 -2.88432 -0.802956
3.02 -2.89223 -0.778373
3.03 -2.89989 -0.754529
3.04 -2.90732 -0.731405
3.05 -2.91453 -0.708978
3.06 -2.92151 -0.687229
3.07 -2.92827 -0.666138
3.08 -2.93483 -0.645686
3.09 -2.94119 -0.625854
3.1 -2.94735 -0.606623
3.11 -2.95332 -0.587977
3.12 -2.95911 -0.569897
3.13 -2.96472 -0.552367
3.14 -2.97016 -0.53537
3.15 -2.97543 -0.518891
3.16 -2.98054 -0.502914
3.17 -2.98549 -0.487424
3.18 -2.99029 -0.472406
3.19 -2.99494 -0.457847
3.2 -2.99945 -0.443731
3.21 -3.00382 -0.430047
3.22 -3.00805 -0.416781
3.23 -3.01215 -0.40392
3.24 -3.01613 -0.391452
3.25 -3.01998 -0.379365
3.26 -3.02372 -0.367647
3.27 -3.02734 -0.356288
3.28 -3.03085 -0.345275
3.29 -3.03424 -0.3346
3.3 -3.03754 -0.324251
3.31 -3.04073 -0.314218
3.32 -3.04382 -0.304492
3.33 -3.04682 -0.295063
3.34 -3.04973 -0.285923
3.35 -3.05254 -0.277062
3.36 -3.05527 -0.268471
3.37 -3.05791 -0.260143
3.38 -3.06047 -0.252069
3.39 -3.06295 -0.244242
3.4 -3.06536 -0.236654
3.41 -3.06769 -0.229297
3.42 -3.06994 -0.222164
3.43 -3.07213 -0.215249
3.44 -3.07425 -0.208545
3.45 -3.0763 -0.202044
3.46 -3.07829 -0.195742
3.47 -3.08022 -0.189631
3.48 -3.08208 -0.183706
3.49 -3.08389 -0.17796
3.5 -3.08564 -0.172389
3.51 -3.08734 -0.166987
3.52 -3.08898 -0.161749
3.53 -3.09058 -0.156669
3.54 -3.09212 -0.151742
3.55 -3.09361 -0.146964
3.56 -3.09506 -0.142331
3.57 -3.09646 -0.137836
3.58 -3.09782 -0.133477
3.59 -3.09913 -0.129249
3.6 -3.1004 -0.125147
3.61 -3.10163 -0.121168
3.62 -3.10282 -0.117307
3.63 -3.10398 -0.113562
3.64 -3.1051 -0.109928
3.65 -3.10618 -0.106402
3.66 -3.10722 -0.10298
3.67 -3.10824 -0.0996593
3.68 -3.10922 -0.0964361
3.69 -3.11017 -0.0933075
3.7 -3.11108 -0.0902704
3.71 -3.11197 -0.0873218
3.72 -3.11283 -0.0844589
3.73 -3.11366 -0.0816787
3.74 -3.11447 -0.0789787
3.75 -3.11524 -0.0763561
3.76 -3.11599 -0.0738085
3.77 -3.11672 -0.0713332
3.78 -3.11742 -0.0689278
3.79 -3.1181 -0.0665901
3.8 -3.11875 -0.0643177
3.81 -3.11938 -0.0621084
3.82 -3.11999 -0.05996
3.83 -3.12058 -0.0578704
3.84 -3.12115 -0.0558375
3.85 -3.1217 -0.0538595
3.86 -3.12223 -0.0519342
3.87 -3.12274 -0.0500599
3.88 -3.12323 -0.0482347
3.89 -3.1237 -0.0464569
3.9 -3.12416 -0.0447245
3.91 -3.1246 -0.0430361
3.92 -3.12502 -0.0413899
3.93 -3.12543 -0.0397843
3.94 -3.12582 -0.0382177
3.95 -3.12619 -0.0366886
3.96 -3.12655 -0.0351955
3.97 -3.12689 -0.0337369
3.98 -3.12723 -0.0323114
3.99 -3.12754 -0.0309176
4 -3.12784 -0.0295541
4.01 -3.12813 -0.0282197
4.02 -3.12841 -0.0269129
4.03 -3.12867 -0.0256325
4.04 -3.12892 -0.0243773
4.05 -3.12916 -0.0231459
4.06 -3.12938 -0.0219373
4.07 -3.1296 -0.0207502
4.08 -3.1298 -0.0195835
4.09 -3.12999 -0.0184359
4.1 -3.13017 -0.0173065
4.11 -3.13034 -0.016194
4.12 -3.13049 -0.0150974
4.13 -3.13064 -0.0140157
4.14 -3.13077 -0.0129476
4.15 -3.1309 -0.0118923
4.16 -3.13101 -0.0108487
4.17 -3.13111 -0.00981566
4.18 -3.13121 -0.00879227
4.19 -3.13129 -0.00777752
4.2 -3.13136 -0.00677039
4.21 -3.13142 -0.00576991
4.22 -3.13148 -0.00477509
4.23 -3.13152 -0.00378495
4.24 -3.13155 -0.00279852
4.25 -3.13158 -0.00181484
4.26 -3.13159 -0.000832944
4.27 -3.13159 0.000148138
4.28 -3.13159 0.00112937
4.29 -3.13157 0.0021117
4.3 -3.13154 0.00309611
4.31 -3.13151 0.00408355
4.32 -3.13146 0.005075
4.33 -3.13141 0.00607143
4.34 -3.13134 0.00707382
4.35 -3.13127 0.00808314
4.36 -3.13118 0.0091004
4.37 -3.13108 0.0101266
4.38 -3.13098 0.0111627
4.39 -3.13086 0.0122098
4.4 -3.13073 0.0132688
4.41 -3.13059 0.0143409
4.42 -3.13045 0.015427
4.43 -3.13029 0.0165283
4.44 -3.13011 0.0176458
4.45 -3.12993 0.0187805
4.46 -3.12974 0.0199338
4.47 -3.12953 0.0211065
4.48 -3.12932 0.0223
4.49 -3.12909 0.0235154
4.5 -3.12885 0.0247538
4.51 -3.12859 0.0260165
4.52 -3.12833 0.0273047
4.53 -3.12805 0.0286197
4.54 -3.12775 0.0299628
4.55 -3.12745 0.0313353
4.56 -3.12713 0.0327385
4.57 -3.12679 0.0341739
4.58 -3.12644 0.0356427
4.59 -3.12608 0.0371465
4.6 -3.1257 0.0386868
4.61 -3.12531 0.040265
4.62 -3.12489 0.0418827
4.63 -3.12447 0.0435415
4.64 -3.12402 0.045243
4.65 -3.12356 0.0469889
4.66 -3.12308 0.0487809
4.67 -3.12259 0.0506207
4.68 -3.12207 0.0525102
4.69 -3.12154 0.0544512
4.7 -3.12098 0.0564456
4.71 -3.12041 0.0584954
4.72 -3.11981 0.0606025
4.73 -3.1192 0.0627691
4.74 -3.11856 0.0649973
4.75 -3.1179 0.0672892
4.76 -3.11721 0.0696471
4.77 -3.1165 0.0720733
4.78 -3.11577 0.0745702
4.79 -3.11501 0.0771402
4.8 -3.11423 0.0797859
4.81 -3.11341 0.0825098
4.82 -3.11258 0.0853147
4.83 -3.11171 0.0882032
4.84 -3.11081 0.0911782
4.85 -3.10988 0.0942426
4.86 -3.10893 0.0973994
4.87 -3.10794 0.100652
4.88 -3.10691 0.104003
4.89 -3.10586 0.107456
4.9 -3.10476 0.111014
4.91 -3.10363 0.114681
4.92 -3.10247 0.118461
4.93 -3.10126 0.122357
4.94 -3.10002 0.126372
4.95 -3.09874 0.130512
4.96 -3.09741 0.13478
4.97 -3.09604 0.139179
4.98 -3.09463 0.143715
4.99 -3.09317 0.148392
5 -3.09166 0.153214
5.01 -3.0901 0.158187
5.02 -3.08849 0.163314
5.03 -3.08683 0.168601
5.04 -3.08512 0.174054
5.05 -3.08335 0.179677
5.06 -3.08153 0.185476
5.07 -3.07964 0.191457
5.08 -3.0777 0.197625
5.09 -3.07569 0.203986
5.1 -3.07362 0.210548
5.11 -3.07148 0.217315
5.12 -3.06927 0.224295
5.13 -3.06699 0.231495
5.14 -3.06464 0.238921
5.15 -3.06221 0.24658
5.16 -3.05971 0.254481
5.17 -3.05712 0.262631
5.18 -3.05445 0.271037
5.19 -3.0517 0.279709
5.2 -3.04886 0.288653
5.21 -3.04593 0.29788
5.22 -3.0429 0.307398
5.23 -3.03978 0.317215
5.24 -3.03655 0.327343
5.25 -3.03323 0.337789
5.26 -3.0298 0.348565
5.27 -3.02626 0.359681
5.28 -3.0226 0.371148
5.29 -3.01883 0.382976
5.3 -3.01494 0.395177
5.31 -3.01093 0.407762
5.32 -3.00679 0.420744
5.33 -3.00251 0.434135
5.34 -2.9981 0.447948
5.35 -2.99355 0.462196
5.36 -2.98886 0.476893
5.37 -2.98401 0.492052
5.38 -2.97901 0.507687
5.39 -2.97386 0.523814
5.4 -2.96854 0.540448
5.41 -2.96305 0.557604
5.42 -2.95738 0.575299
5.43 -2.95154 0.593548
5.44 -2.94551 0.612369
5.45 -2.93929 0.631779
5.46 -2.93287 0.651797
5.47 -2.92625 0.67244
5.48 -2.91942 0.693728
5.49 -2.91237 0.715679
5.5 -2.9051 0.738314
5.51 -2.89761 0.761654
5.52 -2.88987 0.785718
5.53 -2.88189 0.810529
5.54 -2.87366 0.836109
5.55 -2.86516 0.862479
5.56 -2.8564 0.889664
5.57 -2.84737 0.917686
5.58 -2.83805 0.94657
5.59 -2.82843 0.97634
5.6 -2.81852 1.00702
5.61 -2.80829 1.03864
5.62 -2.79774 1.07122
5.63 -2.78686 1.10479
5.64 -2.77564 1.13938
5.65 -2.76407 1.17501
5.66 -2.75214 1.21171
5.67 -2.73983 1.24951
5.68 -2.72714 1.28844
5.69 -2.71406 1.32853
5.7 -2.70057 1.3698
5.71 -2.68666 1.41229
5.72 -2.67232 1.45602
5.73 -2.65754 1.50103
5.74 -2.64229 1.54734
5.75 -2.62658 1.59498
5.76 -2.61039 1.64398
5.77 -2.5937 1.69438
5.78 -2.5765 1.74619
5.79 -2.55877 1.79945
5.8 -2.5405 1.85418
5.81 -2.52168 1.91042
5.82 -2.50229 1.96818
5.83 -2.48231 2.02749
5.84 -2.46174 2.08837
5.85 -2.44054 2.15084
5.86 -2.41871 2.21492
5.87 -2.39624 2.28064
5.88 -2.3731 2.348
5.89 -2.34927 2.41701
5.9 -2.32475 2.48769
5.91 -2.29951 2.56004
5.92 -2.27354 2.63406
5.93 -2.24683 2.70975
5.94 -2.21934 2.78711
5.95 -2.19108 2.86611
5.96 -2.16202 2.94675
5.97 -2.13214 3.029
5.98 -2.10143 3.11283
5.99 -2.06988 3.19821
6 -2.03746 3.28509
6.01 -2.00417 3.37341
6.02 -1.96999 3.46313
6.03 -1.9349 3.55416
6.04 -1.8989 3.64644
6.05 -1.86197 3.73986
6.06 -1.8241 3.83434
6.07 -1.78528 3.92976
6.08 -1.7455 4.026
6.09 -1.70476 4.12293
6.1 -1.66304 4.2204
6.11 -1.62035 4.31824
6.12 -1.57668 4.4163
6.13 -1.53202 4.51437
6.14 -1.48639 4.61228
6.15 -1.43978 4.7098
6.16 -1.39219 4.80672
6.17 -1.34365 4.9028
6.18 -1.29414 4.9978
6.19 -1.24369 5.09145
6.2 -1.19232 5.18351
6.21 -1.14003 5.27368
6.22 -1.08685 5.36169
6.23 -1.03281 5.44725
6.24 -0.977917 5.53007
6.25 -0.922214 5.60987
6.26 -0.86573 5.68634
6.27 -0.808499 5.75919
6.28 -0.750559 5.82814
6.29 -0.69195 5.89292
6.3 -0.632716 5.95324
6.31 -0.572901 6.00885
6.32 -0.512555 6.05952
6.33 -0.451728 6.105
6.34 -0.390473 6.1451
6.35 -0.328845 6.17962
6.36 -0.2669 6.20841
6.37 -0.204696 6.23132
6.38 -0.142293 6.24826
6.39 -0.0797515 6.25913
6.4 -0.0171313 6.26388
6.41 0.0455056 6.26248
6.42 0.108098 6.25496
6.43 0.170584 6.24133
6.44 0.232904 6.22168
6.45 0.294998 6.19609
6.46 0.356807 6.16468
6.47 0.418273 6.12761
6.48 0.479341 6.08505
6.49 0.539956 6.03719
6.5 0.600068 5.98426
6.51 0.659625 5.92648
6.52 0.718582 5.86411
6.53 0.776893 5.79741
6.54 0.834517 5.72665
6.55 0.891414 5.65213
6.56 0.947548 5.57411
6.57 1.00289 5.49291
6.58 1.0574 5.40881
6.59 1.11105 5.3221
6.6 1.16383 5.23308
6.61 1.21571 5.14202
6.62 1.26666 5.04921
6.63 1.31669 4.95491
6.64 1.36576 4.8594
6.65 1.41387 4.76291
6.66 1.46101 4.66568
6.67 1.50718 4.56796
6.68 1.55237 4.46995
6.69 1.59658 4.37186
6.7 1.63981 4.27388
6.71 1.68206 4.17618
6.72 1.72334 4.07894
6.73 1.76364 3.98231
6.74 1.80298 3.88643
6.75 1.84137 3.79142
6.76 1.87882 3.6974
6.77 1.91532 3.60448
6.78 1.95091 3.51276
6.79 1.98558 3.42232
6.8 2.01936 3.33322
6.81 2.05225 3.24555
6.82 2.08428 3.15934
6.83 2.11545 3.07466
6.84 2.14577 2.99154
6.85 2.17528 2.91002
6.86 2.20398 2.83012
6.87 2.23189 2.75186
6.88 2.25902 2.67526
6.89 2.2854 2.60032
6.9 2.31104 2.52706
6.91 2.33595 2.45547
6.92 2.36015 2.38554
6.93 2.38366 2.31728
6.94 2.4065 2.25067
6.95 2.42868 2.18569
6.96 2.45022 2.12234
6.97 2.47113 2.06059
6.98 2.49144 2.00042
6.99 2.51115 1.94182
7 2.53028 1.88475
7.01 2.54885 1.8292
7.02 2.56687 1.77514
7.03 2.58436 1.72254
7.04 2.60132 1.67137
7.05 2.61779 1.62161
7.06 2.63376 1.57323
7.07 2.64926 1.52619
7.08 2.66429 1.48048
7.09 2.67887 1.43605
7.1 2.69301 1.39289
7.11 2.70673 1.35095
7.12 2.72004 1.31022
7.13 2.73294 1.27066
7.14 2.74545 1.23225
7.15 2.75759 1.19495
7.16 2.76936 1.15873
7.17 2.78077 1.12358
7.18 2.79183 1.08946
7.19 2.80256 1.05634
7.2 2.81296 1.0242
7.21 2.82305 0.993007
7.22 2.83283 0.962742
7.23 2.84231 0.933376
7.24 2.8515 0.904886
7.25 2.86041 0.877246
7.26 2.86904 0.850433
7.27 2.87742 0.824424
7.28 2.88553 0.799195
7.29 2.8934 0.774725
7.3 2.90103 0.750992
7.31 2.90843 0.727974
7.32 2.91559 0.705651
7.33 2.92254 0.684003
7.34 2.92928 0.663009
7.35 2.9358 0.642652
7.36 2.94213 0.622912
7.37 2.94826 0.603771
7.38 2.95421 0.585211
7.39 2.95997 0.567215
7.4 2.96555 0.549766
7.41 2.97097 0.532849
7.42 2.97621 0.516446
7.43 2.9813 0.500544
7.44 2.98623 0.485126
7.45 2.991 0.470178
7.46 2.99563 0.455687
7.47 3.00012 0.441638
7.48 3.00446 0.428017
7.49 3.00868 0.414813
7.5 3.01276 0.402012
7.51 3.01672 0.389602
7.52 3.02056 0.377572
7.53 3.02427 0.365909
7.54 3.02787 0.354603
7.55 3.03137 0.343642
7.56 3.03475 0.333016
7.57 3.03803 0.322716
7.58 3.0412 0.31273
7.59 3.04428 0.303049
7.6 3.04727 0.293665
7.61 3.05016 0.284567
7.62 3.05296 0.275747
7.63 3.05567 0.267197
7.64 3.0583 0.258908
7.65 3.06085 0.250872
7.66 3.06332 0.243081
7.67 3.06571 0.235528
7.68 3.06803 0.228205
7.69 3.07028 0.221106
7.7 3.07246 0.214223
7.71 3.07456 0.20755
7.72 3.07661 0.20108
7.73 3.07859 0.194807
7.74 3.0805 0.188724
7.75 3.08236 0.182827
7.76 3.08416 0.177108
7.77 3.0859 0.171563
7.78 3.08759 0.166186
7.79 3.08923 0.160972
7.8 3.09081 0.155915
7.81 3.09235 0.151011
7.82 3.09383 0.146256
7.83 3.09527 0.141643
7.84 3.09667 0.137169
7.85 3.09802 0.13283
7.86 3.09932 0.128621
7.87 3.10059 0.124538
7.88 3.10182 0.120577
7.89 3.103 0.116735
7.9 3.10415 0.113006
7.91 3.10526 0.109389
7.92 3.10634 0.105879
7.93 3.10738 0.102472
7.94 3.10839 0.0991663
7.95 3.10936 0.0959577
7.96 3.11031 0.0928431
7.97 3.11122 0.0898195
7.98 3.1121 0.0868841
7.99 3.11296 0.0840338
8 3.11379 0.0812659
8.01 3.11458 0.0785778
8.02 3.11536 0.0759667
8.03 3.1161 0.0734301
8.04 3.11683 0.0709655
8.05 3.11752 0.0685705
8.06 3.1182 0.0662428
8.07 3.11885 0.0639801
8.08 3.11948 0.0617801
8.09 3.12008 0.0596407
8.1 3.12067 0.0575598
8.11 3.12124 0.0555354
8.12 3.12178 0.0535654
8.13 3.12231 0.051648
8.14 3.12281 0.0497812
8.15 3.1233 0.0479633
8.16 3.12377 0.0461924
8.17 3.12423 0.0444668
8.18 3.12466 0.0427849
8.19 3.12508 0.0411449
8.2 3.12549 0.0395452
8.21 3.12587 0.0379844
8.22 3.12625 0.0364608
8.23 3.1266 0.034973
8.24 3.12695 0.0335195
8.25 3.12727 0.0320989
8.26 3.12759 0.0307098
8.27 3.12789 0.0293508
8.28 3.12817 0.0280206
8.29 3.12845 0.0267179
8.3 3.12871 0.0254414
8.31 3.12896 0.0241898
8.32 3.12919 0.022962
8.33 3.12942 0.0217567
8.34 3.12963 0.0205727
8.35 3.12983 0.019409
8.36 3.13002 0.0182642
8.37 3.13019 0.0171374
8.38 3.13036 0.0160274
8.39 3.13051 0.0149332
8.4 3.13066 0.0138535
8.41 3.13079 0.0127875
8.42 3.13091 0.011734
8.43 3.13103 0.010692
8.44 3.13113 0.00966053
8.45 3.13122 0.00863851
8.46 3.1313 0.00762497
8.47 3.13137 0.00661891
8.48 3.13143 0.00561935
8.49 3.13148 0.00462529
8.5 3.13153 0.00363578
8.51 3.13156 0.00264983
8.52 3.13158 0.00166648
8.53 3.13159 0.000684766
8.54 3.13159 -0.000296276
8.55 3.13158 -0.00127761
8.56 3.13157 -0.0022602
8.57 3.13154 -0.003245
8.58 3.1315 -0.00423299
8.59 3.13145 -0.00522513
8.6 3.1314 -0.00622239
8.61 3.13133 -0.00722576
8.62 3.13125 -0.00823622
8.63 3.13117 -0.00925476
8.64 3.13107 -0.0102824
8.65 3.13096 -0.0113201
8.66 3.13084 -0.0123689
8.67 3.13071 -0.0134298
8.68 3.13057 -0.014504
8.69 3.13042 -0.0155923
8.7 3.13026 -0.016696
8.71 3.13009 -0.017816
8.72 3.1299 -0.0189535
8.73 3.12971 -0.0201096
8.74 3.1295 -0.0212854
8.75 3.12928 -0.0224821
8.76 3.12905 -0.0237009
8.77 3.12881 -0.0249429
8.78 3.12855 -0.0262094
8.79 3.12828 -0.0275015
8.8 3.128 -0.0288207
8.81 3.12771 -0.0301682
8.82 3.1274 -0.0315452
8.83 3.12708 -0.0329532
8.84 3.12674 -0.0343935
8.85 3.12639 -0.0358675
8.86 3.12602 -0.0373768
8.87 3.12564 -0.0389227
8.88 3.12524 -0.0405067
8.89 3.12483 -0.0421305
8.9 3.1244 -0.0437957
8.91 3.12396 -0.0455038
8.92 3.12349 -0.0472565
8.93 3.12301 -0.0490556
8.94 3.12251 -0.0509028
8.95 3.12199 -0.0528
8.96 3.12145 -0.0547489
8.97 3.1209 -0.0567515
8.98 3.12032 -0.0588098
8.99 3.11972 -0.0609258
9 3.1191 -0.0631016
9.01 3.11846 -0.0653392
9.02 3.11779 -0.0676409
9.03 3.1171 -0.070009
9.04 3.11639 -0.0724457
9.05 3.11566 -0.0749535
9.06 3.11489 -0.0775348
9.07 3.1141 -0.0801921
9.08 3.11329 -0.0829281
9.09 3.11245 -0.0857454
9.1 3.11157 -0.0886468
9.11 3.11067 -0.0916351
9.12 3.10974 -0.0947133
9.13 3.10878 -0.0978844
9.14 3.10778 -0.101151
9.15 3.10675 -0.104518
9.16 3.10569 -0.107986
9.17 3.10459 -0.111561
9.18 3.10346 -0.115245
9.19 3.10229 -0.119042
9.2 3.10108 -0.122955
9.21 3.09983 -0.12699
9.22 3.09854 -0.131148
9.23 3.09721 -0.135435
9.24 3.09583 -0.139855
9.25 3.09441 -0.144412
9.26 3.09294 -0.149111
9.27 3.09143 -0.153955
9.28 3.08986 -0.158951
9.29 3.08825 -0.164102
9.3 3.08658 -0.169414
9.31 3.08486 -0.174892
9.32 3.08308 -0.180541
9.33 3.08125 -0.186367
9.34 3.07935 -0.192376
9.35 3.0774 -0.198573
9.36 3.07538 -0.204964
9.37 3.0733 -0.211556
9.38 3.07115 -0.218355
9.39 3.06893 -0.225368
9.4 3.06664 -0.232601
9.41 3.06428 -0.240062
9.42 3.06184 -0.247758
9.43 3.05932 -0.255696
9.44 3.05672 -0.263884
9.45 3.05404 -0.27233
9.46 3.05128 -0.281042
9.47 3.04842 -0.290028
9.48 3.04548 -0.299298
9.49 3.04243 -0.308861
9.5 3.0393 -0.318725
9.51 3.03606 -0.328899
9.52 3.03272 -0.339395
9.53 3.02927 -0.350222
9.54 3.02571 -0.36139
9.55 3.02204 -0.37291
9.56 3.01825 -0.384794
9.57 3.01434 -0.397052
9.58 3.01031 -0.409697
9.59 3.00615 -0.42274
9.6 3.00185 -0.436194
9.61 2.99742 -0.450072
9.62 2.99285 -0.464386
9.63 2.98813 -0.479152
9.64 2.98327 -0.494382
9.65 2.97825 -0.510091
9.66 2.97306 -0.526293
9.67 2.96772 -0.543005
9.68 2.9622 -0.560241
9.69 2.95651 -0.578018
9.7 2.95064 -0.596353
9.71 2.94458 -0.615262
9.72 2.93833 -0.634763
9.73 2.93188 -0.654874
9.74 2.92523 -0.675613
9.75 2.91837 -0.696999
9.76 2.91129 -0.719053
9.77 2.90399 -0.741793
9.78 2.89645 -0.765241
9.79 2.88868 -0.789416
9.8 2.88066 -0.814342
9.81 2.87239 -0.84004
9.82 2.86386 -0.866532
9.83 2.85506 -0.893841
9.84 2.84598 -0.921992
9.85 2.83661 -0.951008
9.86 2.82696 -0.980914
9.87 2.81699 -1.01173
9.88 2.80672 -1.0435
9.89 2.79612 -1.07622
9.9 2.78519 -1.10995
9.91 2.77392 -1.14469
9.92 2.76229 -1.18048
9.93 2.7503 -1.21735
9.94 2.73794 -1.25532
9.95 2.72519 -1.29442
9.96 2.71205 -1.33468
9.97 2.6985 -1.37614
9.98 2.68452 -1.41881
9.99 2.67012 -1.46273
10 2.65526 -1.50793
